2025-03-08T15:46:42.463Z [ERROR]: Driver validation failed: owner: Path `owner` is required., mobileNumber: Path `mobileNumber` is required., licenseNumber: Path `licenseNumber` is required., aadhaarNumber: Path `aadhaarNumber` is required.
2025-03-08T15:47:18.857Z [ERROR]: Driver validation failed: owner: Path `owner` is required.
2025-03-08T15:54:23.357Z [ERROR]: Invalid Credentials
2025-03-08T15:55:33.560Z [ERROR]: User not verified
2025-03-08T15:55:39.610Z [ERROR]: E11000 duplicate key error collection: test.users index: mobileNumber_1 dup key: { mobileNumber: null }
2025-03-08T15:55:45.148Z [ERROR]: E11000 duplicate key error collection: test.users index: mobileNumber_1 dup key: { mobileNumber: null }
2025-03-08T15:56:27.033Z [ERROR]: E11000 duplicate key error collection: test.users index: mobileNumber_1 dup key: { mobileNumber: null }
2025-03-08T15:58:32.751Z [ERROR]: User not verified
2025-03-08T15:59:43.223Z [ERROR]: User not found
2025-03-08T16:01:52.467Z [ERROR]: Cannot read properties of null (reading 'password')
2025-03-08T16:02:04.803Z [ERROR]: Cannot read properties of null (reading 'password')
2025-03-08T16:03:54.754Z [ERROR]: Invalid ride
2025-03-10T08:13:23.083Z [ERROR]: user not found
2025-03-10T10:50:53.413Z [ERROR]: Cast to ObjectId failed for value "pending" (type string) at path "_id" for model "Ride"
2025-03-10T10:50:56.004Z [ERROR]: Cast to ObjectId failed for value "pending" (type string) at path "_id" for model "Ride"
2025-03-10T10:50:59.121Z [ERROR]: Cast to ObjectId failed for value "pending" (type string) at path "_id" for model "Ride"
2025-03-10T10:51:02.402Z [ERROR]: Cast to ObjectId failed for value "pending" (type string) at path "_id" for model "Ride"
2025-03-10T10:51:05.057Z [ERROR]: Cast to ObjectId failed for value "pending" (type string) at path "_id" for model "Ride"
2025-03-10T10:51:08.332Z [ERROR]: Cast to ObjectId failed for value "pending" (type string) at path "_id" for model "Ride"
2025-03-10T10:51:11.411Z [ERROR]: Cast to ObjectId failed for value "pending" (type string) at path "_id" for model "Ride"
2025-03-10T10:51:14.064Z [ERROR]: Cast to ObjectId failed for value "pending" (type string) at path "_id" for model "Ride"
2025-03-10T10:51:17.148Z [ERROR]: Cast to ObjectId failed for value "pending" (type string) at path "_id" for model "Ride"
2025-03-10T10:51:20.110Z [ERROR]: Cast to ObjectId failed for value "pending" (type string) at path "_id" for model "Ride"
2025-03-10T10:51:23.610Z [ERROR]: Cast to ObjectId failed for value "pending" (type string) at path "_id" for model "Ride"
2025-03-10T10:51:26.143Z [ERROR]: Cast to ObjectId failed for value "pending" (type string) at path "_id" for model "Ride"
2025-03-10T10:51:29.427Z [ERROR]: Cast to ObjectId failed for value "pending" (type string) at path "_id" for model "Ride"
2025-03-10T10:51:32.291Z [ERROR]: Cast to ObjectId failed for value "pending" (type string) at path "_id" for model "Ride"
2025-03-10T10:51:35.361Z [ERROR]: Cast to ObjectId failed for value "pending" (type string) at path "_id" for model "Ride"
2025-03-10T10:51:38.229Z [ERROR]: Cast to ObjectId failed for value "pending" (type string) at path "_id" for model "Ride"
2025-03-10T10:51:40.992Z [ERROR]: Cast to ObjectId failed for value "pending" (type string) at path "_id" for model "Ride"
2025-03-10T10:51:44.166Z [ERROR]: Cast to ObjectId failed for value "pending" (type string) at path "_id" for model "Ride"
2025-03-10T10:51:47.478Z [ERROR]: Cast to ObjectId failed for value "pending" (type string) at path "_id" for model "Ride"
2025-03-10T10:51:50.105Z [ERROR]: Cast to ObjectId failed for value "pending" (type string) at path "_id" for model "Ride"
2025-03-10T10:51:53.170Z [ERROR]: Cast to ObjectId failed for value "pending" (type string) at path "_id" for model "Ride"
2025-03-10T10:51:56.453Z [ERROR]: Cast to ObjectId failed for value "pending" (type string) at path "_id" for model "Ride"
2025-03-10T10:51:59.312Z [ERROR]: Cast to ObjectId failed for value "pending" (type string) at path "_id" for model "Ride"
2025-03-10T10:52:02.390Z [ERROR]: Cast to ObjectId failed for value "pending" (type string) at path "_id" for model "Ride"
2025-03-10T10:52:05.068Z [ERROR]: Cast to ObjectId failed for value "pending" (type string) at path "_id" for model "Ride"
2025-03-10T10:52:07.977Z [ERROR]: Cast to ObjectId failed for value "pending" (type string) at path "_id" for model "Ride"
2025-03-10T10:52:11.189Z [ERROR]: Cast to ObjectId failed for value "pending" (type string) at path "_id" for model "Ride"
2025-03-10T10:52:14.472Z [ERROR]: Cast to ObjectId failed for value "pending" (type string) at path "_id" for model "Ride"
2025-03-10T10:52:17.056Z [ERROR]: Cast to ObjectId failed for value "pending" (type string) at path "_id" for model "Ride"
2025-03-10T10:52:20.411Z [ERROR]: Cast to ObjectId failed for value "pending" (type string) at path "_id" for model "Ride"
2025-03-10T10:52:23.071Z [ERROR]: Cast to ObjectId failed for value "pending" (type string) at path "_id" for model "Ride"
2025-03-10T10:52:26.138Z [ERROR]: Cast to ObjectId failed for value "pending" (type string) at path "_id" for model "Ride"
2025-03-10T10:52:29.223Z [ERROR]: Cast to ObjectId failed for value "pending" (type string) at path "_id" for model "Ride"
2025-03-10T10:52:32.089Z [ERROR]: Cast to ObjectId failed for value "pending" (type string) at path "_id" for model "Ride"
2025-03-10T10:52:35.174Z [ERROR]: Cast to ObjectId failed for value "pending" (type string) at path "_id" for model "Ride"
2025-03-10T10:52:38.046Z [ERROR]: Cast to ObjectId failed for value "pending" (type string) at path "_id" for model "Ride"
2025-03-10T10:52:41.120Z [ERROR]: Cast to ObjectId failed for value "pending" (type string) at path "_id" for model "Ride"
2025-03-10T10:52:44.407Z [ERROR]: Cast to ObjectId failed for value "pending" (type string) at path "_id" for model "Ride"
2025-03-10T10:52:47.175Z [ERROR]: Cast to ObjectId failed for value "pending" (type string) at path "_id" for model "Ride"
2025-03-10T10:52:50.358Z [ERROR]: Cast to ObjectId failed for value "pending" (type string) at path "_id" for model "Ride"
2025-03-10T10:52:53.220Z [ERROR]: Cast to ObjectId failed for value "pending" (type string) at path "_id" for model "Ride"
2025-03-10T10:52:56.300Z [ERROR]: Cast to ObjectId failed for value "pending" (type string) at path "_id" for model "Ride"
2025-03-10T10:52:59.063Z [ERROR]: Cast to ObjectId failed for value "pending" (type string) at path "_id" for model "Ride"
2025-03-10T10:53:02.246Z [ERROR]: Cast to ObjectId failed for value "pending" (type string) at path "_id" for model "Ride"
2025-03-10T10:53:05.109Z [ERROR]: Cast to ObjectId failed for value "pending" (type string) at path "_id" for model "Ride"
2025-03-10T10:53:08.396Z [ERROR]: Cast to ObjectId failed for value "pending" (type string) at path "_id" for model "Ride"
2025-03-10T10:53:11.470Z [ERROR]: Cast to ObjectId failed for value "pending" (type string) at path "_id" for model "Ride"
2025-03-10T10:53:14.340Z [ERROR]: Cast to ObjectId failed for value "pending" (type string) at path "_id" for model "Ride"
2025-03-10T10:53:17.203Z [ERROR]: Cast to ObjectId failed for value "pending" (type string) at path "_id" for model "Ride"
2025-03-10T10:53:20.282Z [ERROR]: Cast to ObjectId failed for value "pending" (type string) at path "_id" for model "Ride"
2025-03-10T10:53:23.153Z [ERROR]: Cast to ObjectId failed for value "pending" (type string) at path "_id" for model "Ride"
2025-03-10T10:53:26.220Z [ERROR]: Cast to ObjectId failed for value "pending" (type string) at path "_id" for model "Ride"
2025-03-10T10:53:29.200Z [ERROR]: Cast to ObjectId failed for value "pending" (type string) at path "_id" for model "Ride"
2025-03-10T10:53:32.601Z [ERROR]: Cast to ObjectId failed for value "pending" (type string) at path "_id" for model "Ride"
2025-03-10T10:53:35.579Z [ERROR]: Cast to ObjectId failed for value "pending" (type string) at path "_id" for model "Ride"
2025-03-10T10:53:38.530Z [ERROR]: Cast to ObjectId failed for value "pending" (type string) at path "_id" for model "Ride"
2025-03-10T10:53:41.382Z [ERROR]: Cast to ObjectId failed for value "pending" (type string) at path "_id" for model "Ride"
2025-03-10T10:53:44.153Z [ERROR]: Cast to ObjectId failed for value "pending" (type string) at path "_id" for model "Ride"
2025-03-10T10:53:47.534Z [ERROR]: Cast to ObjectId failed for value "pending" (type string) at path "_id" for model "Ride"
2025-03-10T10:53:50.192Z [ERROR]: Cast to ObjectId failed for value "pending" (type string) at path "_id" for model "Ride"
2025-03-10T10:53:53.272Z [ERROR]: Cast to ObjectId failed for value "pending" (type string) at path "_id" for model "Ride"
2025-03-10T10:53:56.344Z [ERROR]: Cast to ObjectId failed for value "pending" (type string) at path "_id" for model "Ride"
2025-03-10T10:53:59.205Z [ERROR]: Cast to ObjectId failed for value "pending" (type string) at path "_id" for model "Ride"
2025-03-10T10:54:02.286Z [ERROR]: Cast to ObjectId failed for value "pending" (type string) at path "_id" for model "Ride"
2025-03-10T10:54:05.063Z [ERROR]: Cast to ObjectId failed for value "pending" (type string) at path "_id" for model "Ride"
2025-03-10T10:54:08.644Z [ERROR]: Cast to ObjectId failed for value "pending" (type string) at path "_id" for model "Ride"
2025-03-10T10:54:11.298Z [ERROR]: Cast to ObjectId failed for value "pending" (type string) at path "_id" for model "Ride"
2025-03-10T10:54:14.161Z [ERROR]: Cast to ObjectId failed for value "pending" (type string) at path "_id" for model "Ride"
2025-03-10T10:54:17.233Z [ERROR]: Cast to ObjectId failed for value "pending" (type string) at path "_id" for model "Ride"
2025-03-10T10:54:20.311Z [ERROR]: Cast to ObjectId failed for value "pending" (type string) at path "_id" for model "Ride"
2025-03-10T10:54:23.173Z [ERROR]: Cast to ObjectId failed for value "pending" (type string) at path "_id" for model "Ride"
2025-03-10T10:54:26.251Z [ERROR]: Cast to ObjectId failed for value "pending" (type string) at path "_id" for model "Ride"
2025-03-10T10:54:29.529Z [ERROR]: Cast to ObjectId failed for value "pending" (type string) at path "_id" for model "Ride"
2025-03-10T10:54:32.187Z [ERROR]: Cast to ObjectId failed for value "pending" (type string) at path "_id" for model "Ride"
2025-03-10T10:54:35.260Z [ERROR]: Cast to ObjectId failed for value "pending" (type string) at path "_id" for model "Ride"
2025-03-10T10:54:38.545Z [ERROR]: Cast to ObjectId failed for value "pending" (type string) at path "_id" for model "Ride"
2025-03-10T10:54:41.411Z [ERROR]: Cast to ObjectId failed for value "pending" (type string) at path "_id" for model "Ride"
2025-03-10T10:54:44.490Z [ERROR]: Cast to ObjectId failed for value "pending" (type string) at path "_id" for model "Ride"
2025-03-10T10:54:47.257Z [ERROR]: Cast to ObjectId failed for value "pending" (type string) at path "_id" for model "Ride"
2025-03-10T10:54:50.355Z [ERROR]: Cast to ObjectId failed for value "pending" (type string) at path "_id" for model "Ride"
2025-03-10T10:54:53.611Z [ERROR]: Cast to ObjectId failed for value "pending" (type string) at path "_id" for model "Ride"
2025-03-10T10:54:56.042Z [ERROR]: Cast to ObjectId failed for value "pending" (type string) at path "_id" for model "Ride"
2025-03-10T10:54:59.129Z [ERROR]: Cast to ObjectId failed for value "pending" (type string) at path "_id" for model "Ride"
2025-03-10T10:55:02.323Z [ERROR]: Cast to ObjectId failed for value "pending" (type string) at path "_id" for model "Ride"
2025-03-10T10:55:05.186Z [ERROR]: Cast to ObjectId failed for value "pending" (type string) at path "_id" for model "Ride"
2025-03-10T10:55:08.259Z [ERROR]: Cast to ObjectId failed for value "pending" (type string) at path "_id" for model "Ride"
2025-03-10T10:55:11.139Z [ERROR]: Cast to ObjectId failed for value "pending" (type string) at path "_id" for model "Ride"
2025-03-10T10:55:14.203Z [ERROR]: Cast to ObjectId failed for value "pending" (type string) at path "_id" for model "Ride"
2025-03-10T10:55:17.277Z [ERROR]: Cast to ObjectId failed for value "pending" (type string) at path "_id" for model "Ride"
2025-03-10T10:55:20.356Z [ERROR]: Cast to ObjectId failed for value "pending" (type string) at path "_id" for model "Ride"
2025-03-10T10:55:23.219Z [ERROR]: Cast to ObjectId failed for value "pending" (type string) at path "_id" for model "Ride"
2025-03-10T10:55:26.300Z [ERROR]: Cast to ObjectId failed for value "pending" (type string) at path "_id" for model "Ride"
2025-03-10T10:55:29.367Z [ERROR]: Cast to ObjectId failed for value "pending" (type string) at path "_id" for model "Ride"
2025-03-10T10:55:32.446Z [ERROR]: Cast to ObjectId failed for value "pending" (type string) at path "_id" for model "Ride"
2025-03-10T10:55:35.317Z [ERROR]: Cast to ObjectId failed for value "pending" (type string) at path "_id" for model "Ride"
2025-03-10T10:55:38.391Z [ERROR]: Cast to ObjectId failed for value "pending" (type string) at path "_id" for model "Ride"
2025-03-10T10:55:41.257Z [ERROR]: Cast to ObjectId failed for value "pending" (type string) at path "_id" for model "Ride"
2025-03-10T10:55:44.332Z [ERROR]: Cast to ObjectId failed for value "pending" (type string) at path "_id" for model "Ride"
2025-03-10T10:55:47.194Z [ERROR]: Cast to ObjectId failed for value "pending" (type string) at path "_id" for model "Ride"
2025-03-10T10:55:50.268Z [ERROR]: Cast to ObjectId failed for value "pending" (type string) at path "_id" for model "Ride"
2025-03-10T10:55:53.353Z [ERROR]: Cast to ObjectId failed for value "pending" (type string) at path "_id" for model "Ride"
2025-03-10T10:55:56.416Z [ERROR]: Cast to ObjectId failed for value "pending" (type string) at path "_id" for model "Ride"
2025-03-10T10:55:59.284Z [ERROR]: Cast to ObjectId failed for value "pending" (type string) at path "_id" for model "Ride"
2025-03-10T10:56:02.362Z [ERROR]: Cast to ObjectId failed for value "pending" (type string) at path "_id" for model "Ride"
2025-03-10T10:56:06.286Z [ERROR]: Cast to ObjectId failed for value "pending" (type string) at path "_id" for model "Ride"
2025-03-10T10:56:08.110Z [ERROR]: Cast to ObjectId failed for value "pending" (type string) at path "_id" for model "Ride"
2025-03-10T10:56:11.377Z [ERROR]: Cast to ObjectId failed for value "pending" (type string) at path "_id" for model "Ride"
2025-03-10T10:56:14.240Z [ERROR]: Cast to ObjectId failed for value "pending" (type string) at path "_id" for model "Ride"
2025-03-10T10:56:17.319Z [ERROR]: Cast to ObjectId failed for value "pending" (type string) at path "_id" for model "Ride"
2025-03-10T10:56:20.499Z [ERROR]: Cast to ObjectId failed for value "pending" (type string) at path "_id" for model "Ride"
2025-03-10T10:56:23.465Z [ERROR]: Cast to ObjectId failed for value "pending" (type string) at path "_id" for model "Ride"
2025-03-10T10:56:26.328Z [ERROR]: Cast to ObjectId failed for value "pending" (type string) at path "_id" for model "Ride"
2025-03-10T10:56:29.201Z [ERROR]: Cast to ObjectId failed for value "pending" (type string) at path "_id" for model "Ride"
2025-03-10T10:56:32.270Z [ERROR]: Cast to ObjectId failed for value "pending" (type string) at path "_id" for model "Ride"
2025-03-10T10:56:35.342Z [ERROR]: Cast to ObjectId failed for value "pending" (type string) at path "_id" for model "Ride"
2025-03-10T10:56:38.211Z [ERROR]: Cast to ObjectId failed for value "pending" (type string) at path "_id" for model "Ride"
2025-03-10T10:56:41.290Z [ERROR]: Cast to ObjectId failed for value "pending" (type string) at path "_id" for model "Ride"
2025-03-10T10:56:44.366Z [ERROR]: Cast to ObjectId failed for value "pending" (type string) at path "_id" for model "Ride"
2025-03-10T10:56:47.227Z [ERROR]: Cast to ObjectId failed for value "pending" (type string) at path "_id" for model "Ride"
2025-03-10T10:56:50.518Z [ERROR]: Cast to ObjectId failed for value "pending" (type string) at path "_id" for model "Ride"
2025-03-10T10:56:53.274Z [ERROR]: Cast to ObjectId failed for value "pending" (type string) at path "_id" for model "Ride"
2025-03-10T10:56:56.239Z [ERROR]: Cast to ObjectId failed for value "pending" (type string) at path "_id" for model "Ride"
2025-03-10T10:56:59.318Z [ERROR]: Cast to ObjectId failed for value "pending" (type string) at path "_id" for model "Ride"
2025-03-10T10:57:02.391Z [ERROR]: Cast to ObjectId failed for value "pending" (type string) at path "_id" for model "Ride"
2025-03-10T10:57:05.254Z [ERROR]: Cast to ObjectId failed for value "pending" (type string) at path "_id" for model "Ride"
2025-03-10T10:57:08.332Z [ERROR]: Cast to ObjectId failed for value "pending" (type string) at path "_id" for model "Ride"
2025-03-10T10:57:11.575Z [ERROR]: Cast to ObjectId failed for value "pending" (type string) at path "_id" for model "Ride"
2025-03-10T10:57:14.267Z [ERROR]: Cast to ObjectId failed for value "pending" (type string) at path "_id" for model "Ride"
2025-03-10T10:57:17.545Z [ERROR]: Cast to ObjectId failed for value "pending" (type string) at path "_id" for model "Ride"
2025-03-10T10:57:20.420Z [ERROR]: Cast to ObjectId failed for value "pending" (type string) at path "_id" for model "Ride"
2025-03-10T10:57:23.173Z [ERROR]: Cast to ObjectId failed for value "pending" (type string) at path "_id" for model "Ride"
2025-03-10T10:57:26.156Z [ERROR]: Cast to ObjectId failed for value "pending" (type string) at path "_id" for model "Ride"
2025-03-10T10:57:29.223Z [ERROR]: Cast to ObjectId failed for value "pending" (type string) at path "_id" for model "Ride"
2025-03-10T10:57:32.295Z [ERROR]: Cast to ObjectId failed for value "pending" (type string) at path "_id" for model "Ride"
2025-03-10T10:57:35.374Z [ERROR]: Cast to ObjectId failed for value "pending" (type string) at path "_id" for model "Ride"
2025-03-10T10:57:38.447Z [ERROR]: Cast to ObjectId failed for value "pending" (type string) at path "_id" for model "Ride"
2025-03-10T10:57:41.310Z [ERROR]: Cast to ObjectId failed for value "pending" (type string) at path "_id" for model "Ride"
2025-03-10T10:57:44.593Z [ERROR]: Cast to ObjectId failed for value "pending" (type string) at path "_id" for model "Ride"
2025-03-10T10:57:47.359Z [ERROR]: Cast to ObjectId failed for value "pending" (type string) at path "_id" for model "Ride"
2025-03-10T10:57:50.637Z [ERROR]: Cast to ObjectId failed for value "pending" (type string) at path "_id" for model "Ride"
2025-03-10T10:57:59.342Z [ERROR]: Cast to ObjectId failed for value "pending" (type string) at path "_id" for model "Ride"
2025-03-10T10:58:02.417Z [ERROR]: Cast to ObjectId failed for value "pending" (type string) at path "_id" for model "Ride"
2025-03-10T10:58:05.278Z [ERROR]: Cast to ObjectId failed for value "pending" (type string) at path "_id" for model "Ride"
2025-03-10T10:58:08.358Z [ERROR]: Cast to ObjectId failed for value "pending" (type string) at path "_id" for model "Ride"
2025-03-10T10:58:11.609Z [ERROR]: Cast to ObjectId failed for value "pending" (type string) at path "_id" for model "Ride"
2025-03-10T10:58:14.502Z [ERROR]: Cast to ObjectId failed for value "pending" (type string) at path "_id" for model "Ride"
2025-03-10T10:58:17.371Z [ERROR]: Cast to ObjectId failed for value "pending" (type string) at path "_id" for model "Ride"
2025-03-10T10:58:20.232Z [ERROR]: Cast to ObjectId failed for value "pending" (type string) at path "_id" for model "Ride"
2025-03-10T10:58:23.306Z [ERROR]: Cast to ObjectId failed for value "pending" (type string) at path "_id" for model "Ride"
2025-03-10T10:58:26.384Z [ERROR]: Cast to ObjectId failed for value "pending" (type string) at path "_id" for model "Ride"
2025-03-10T10:58:29.246Z [ERROR]: Cast to ObjectId failed for value "pending" (type string) at path "_id" for model "Ride"
2025-03-10T10:58:32.364Z [ERROR]: Cast to ObjectId failed for value "pending" (type string) at path "_id" for model "Ride"
2025-03-10T10:58:35.398Z [ERROR]: Cast to ObjectId failed for value "pending" (type string) at path "_id" for model "Ride"
2025-03-10T10:58:38.675Z [ERROR]: Cast to ObjectId failed for value "pending" (type string) at path "_id" for model "Ride"
2025-03-10T10:58:41.625Z [ERROR]: Cast to ObjectId failed for value "pending" (type string) at path "_id" for model "Ride"
2025-03-10T10:58:44.411Z [ERROR]: Cast to ObjectId failed for value "pending" (type string) at path "_id" for model "Ride"
2025-03-10T10:58:47.273Z [ERROR]: Cast to ObjectId failed for value "pending" (type string) at path "_id" for model "Ride"
2025-03-10T10:58:50.346Z [ERROR]: Cast to ObjectId failed for value "pending" (type string) at path "_id" for model "Ride"
2025-03-10T10:58:53.421Z [ERROR]: Cast to ObjectId failed for value "pending" (type string) at path "_id" for model "Ride"
2025-03-10T10:58:56.279Z [ERROR]: Cast to ObjectId failed for value "pending" (type string) at path "_id" for model "Ride"
2025-03-10T10:58:59.345Z [ERROR]: Cast to ObjectId failed for value "pending" (type string) at path "_id" for model "Ride"
2025-03-10T10:59:02.418Z [ERROR]: Cast to ObjectId failed for value "pending" (type string) at path "_id" for model "Ride"
2025-03-10T10:59:05.276Z [ERROR]: Cast to ObjectId failed for value "pending" (type string) at path "_id" for model "Ride"
2025-03-10T10:59:08.548Z [ERROR]: Cast to ObjectId failed for value "pending" (type string) at path "_id" for model "Ride"
2025-03-10T10:59:11.412Z [ERROR]: Cast to ObjectId failed for value "pending" (type string) at path "_id" for model "Ride"
2025-03-10T10:59:14.278Z [ERROR]: Cast to ObjectId failed for value "pending" (type string) at path "_id" for model "Ride"
2025-03-10T10:59:17.343Z [ERROR]: Cast to ObjectId failed for value "pending" (type string) at path "_id" for model "Ride"
2025-03-10T10:59:20.213Z [ERROR]: Cast to ObjectId failed for value "pending" (type string) at path "_id" for model "Ride"
2025-03-10T10:59:23.278Z [ERROR]: Cast to ObjectId failed for value "pending" (type string) at path "_id" for model "Ride"
2025-03-10T10:59:26.346Z [ERROR]: Cast to ObjectId failed for value "pending" (type string) at path "_id" for model "Ride"
2025-03-10T10:59:29.218Z [ERROR]: Cast to ObjectId failed for value "pending" (type string) at path "_id" for model "Ride"
2025-03-10T10:59:32.493Z [ERROR]: Cast to ObjectId failed for value "pending" (type string) at path "_id" for model "Ride"
2025-03-10T10:59:35.758Z [ERROR]: Cast to ObjectId failed for value "pending" (type string) at path "_id" for model "Ride"
2025-03-10T10:59:38.629Z [ERROR]: Cast to ObjectId failed for value "pending" (type string) at path "_id" for model "Ride"
2025-03-10T10:59:41.284Z [ERROR]: Cast to ObjectId failed for value "pending" (type string) at path "_id" for model "Ride"
2025-03-10T10:59:44.353Z [ERROR]: Cast to ObjectId failed for value "pending" (type string) at path "_id" for model "Ride"
2025-03-10T10:59:47.223Z [ERROR]: Cast to ObjectId failed for value "pending" (type string) at path "_id" for model "Ride"
2025-03-10T10:59:50.498Z [ERROR]: Cast to ObjectId failed for value "pending" (type string) at path "_id" for model "Ride"
2025-03-10T10:59:53.623Z [ERROR]: Cast to ObjectId failed for value "pending" (type string) at path "_id" for model "Ride"
2025-03-10T10:59:56.229Z [ERROR]: Cast to ObjectId failed for value "pending" (type string) at path "_id" for model "Ride"
2025-03-10T10:59:59.095Z [ERROR]: Cast to ObjectId failed for value "pending" (type string) at path "_id" for model "Ride"
2025-03-10T11:00:02.159Z [ERROR]: Cast to ObjectId failed for value "pending" (type string) at path "_id" for model "Ride"
2025-03-10T11:00:05.236Z [ERROR]: Cast to ObjectId failed for value "pending" (type string) at path "_id" for model "Ride"
2025-03-10T11:00:08.716Z [ERROR]: Cast to ObjectId failed for value "pending" (type string) at path "_id" for model "Ride"
2025-03-10T11:00:11.582Z [ERROR]: Cast to ObjectId failed for value "pending" (type string) at path "_id" for model "Ride"
2025-03-10T11:00:14.264Z [ERROR]: Cast to ObjectId failed for value "pending" (type string) at path "_id" for model "Ride"
2025-03-10T11:00:17.333Z [ERROR]: Cast to ObjectId failed for value "pending" (type string) at path "_id" for model "Ride"
2025-03-10T11:00:20.393Z [ERROR]: Cast to ObjectId failed for value "pending" (type string) at path "_id" for model "Ride"
2025-03-10T11:00:23.450Z [ERROR]: Cast to ObjectId failed for value "pending" (type string) at path "_id" for model "Ride"
2025-03-10T11:00:26.628Z [ERROR]: Cast to ObjectId failed for value "pending" (type string) at path "_id" for model "Ride"
2025-03-10T11:00:29.591Z [ERROR]: Cast to ObjectId failed for value "pending" (type string) at path "_id" for model "Ride"
2025-03-10T11:00:32.669Z [ERROR]: Cast to ObjectId failed for value "pending" (type string) at path "_id" for model "Ride"
2025-03-10T11:00:35.324Z [ERROR]: Cast to ObjectId failed for value "pending" (type string) at path "_id" for model "Ride"
2025-03-10T11:00:38.395Z [ERROR]: Cast to ObjectId failed for value "pending" (type string) at path "_id" for model "Ride"
2025-03-10T11:00:41.280Z [ERROR]: Cast to ObjectId failed for value "pending" (type string) at path "_id" for model "Ride"
2025-03-10T11:00:44.338Z [ERROR]: Cast to ObjectId failed for value "pending" (type string) at path "_id" for model "Ride"
2025-03-10T11:00:47.205Z [ERROR]: Cast to ObjectId failed for value "pending" (type string) at path "_id" for model "Ride"
2025-03-10T11:00:50.272Z [ERROR]: Cast to ObjectId failed for value "pending" (type string) at path "_id" for model "Ride"
2025-03-10T11:00:53.547Z [ERROR]: Cast to ObjectId failed for value "pending" (type string) at path "_id" for model "Ride"
2025-03-10T11:00:56.413Z [ERROR]: Cast to ObjectId failed for value "pending" (type string) at path "_id" for model "Ride"
2025-03-10T11:00:59.389Z [ERROR]: Cast to ObjectId failed for value "pending" (type string) at path "_id" for model "Ride"
2025-03-10T11:01:02.767Z [ERROR]: Cast to ObjectId failed for value "pending" (type string) at path "_id" for model "Ride"
2025-03-10T11:01:05.425Z [ERROR]: Cast to ObjectId failed for value "pending" (type string) at path "_id" for model "Ride"
2025-03-10T11:01:08.158Z [ERROR]: Cast to ObjectId failed for value "pending" (type string) at path "_id" for model "Ride"
2025-03-10T11:01:11.134Z [ERROR]: Cast to ObjectId failed for value "pending" (type string) at path "_id" for model "Ride"
2025-03-10T11:01:14.233Z [ERROR]: Cast to ObjectId failed for value "pending" (type string) at path "_id" for model "Ride"
2025-03-10T11:01:17.202Z [ERROR]: Cast to ObjectId failed for value "pending" (type string) at path "_id" for model "Ride"
2025-03-10T11:01:20.786Z [ERROR]: Cast to ObjectId failed for value "pending" (type string) at path "_id" for model "Ride"
2025-03-10T11:01:23.241Z [ERROR]: Cast to ObjectId failed for value "pending" (type string) at path "_id" for model "Ride"
2025-03-10T11:01:26.520Z [ERROR]: Cast to ObjectId failed for value "pending" (type string) at path "_id" for model "Ride"
2025-03-10T11:01:29.381Z [ERROR]: Cast to ObjectId failed for value "pending" (type string) at path "_id" for model "Ride"
2025-03-10T11:01:32.663Z [ERROR]: Cast to ObjectId failed for value "pending" (type string) at path "_id" for model "Ride"
2025-03-10T11:01:35.319Z [ERROR]: Cast to ObjectId failed for value "pending" (type string) at path "_id" for model "Ride"
2025-03-10T11:01:38.392Z [ERROR]: Cast to ObjectId failed for value "pending" (type string) at path "_id" for model "Ride"
2025-03-10T11:01:41.057Z [ERROR]: Cast to ObjectId failed for value "pending" (type string) at path "_id" for model "Ride"
2025-03-10T11:01:44.943Z [ERROR]: Cast to ObjectId failed for value "pending" (type string) at path "_id" for model "Ride"
2025-03-10T11:01:47.202Z [ERROR]: Cast to ObjectId failed for value "pending" (type string) at path "_id" for model "Ride"
2025-03-10T11:01:50.274Z [ERROR]: Cast to ObjectId failed for value "pending" (type string) at path "_id" for model "Ride"
2025-03-10T11:01:53.341Z [ERROR]: Cast to ObjectId failed for value "pending" (type string) at path "_id" for model "Ride"
2025-03-10T11:01:56.207Z [ERROR]: Cast to ObjectId failed for value "pending" (type string) at path "_id" for model "Ride"
2025-03-10T11:01:59.502Z [ERROR]: Cast to ObjectId failed for value "pending" (type string) at path "_id" for model "Ride"
2025-03-10T11:02:02.351Z [ERROR]: Cast to ObjectId failed for value "pending" (type string) at path "_id" for model "Ride"
2025-03-10T11:02:05.224Z [ERROR]: Cast to ObjectId failed for value "pending" (type string) at path "_id" for model "Ride"
2025-03-10T11:02:08.500Z [ERROR]: Cast to ObjectId failed for value "pending" (type string) at path "_id" for model "Ride"
2025-03-10T11:02:11.362Z [ERROR]: Cast to ObjectId failed for value "pending" (type string) at path "_id" for model "Ride"
2025-03-10T11:02:14.319Z [ERROR]: Cast to ObjectId failed for value "pending" (type string) at path "_id" for model "Ride"
2025-03-10T11:02:17.306Z [ERROR]: Cast to ObjectId failed for value "pending" (type string) at path "_id" for model "Ride"
2025-03-10T11:02:20.173Z [ERROR]: Cast to ObjectId failed for value "pending" (type string) at path "_id" for model "Ride"
2025-03-10T11:02:23.039Z [ERROR]: Cast to ObjectId failed for value "pending" (type string) at path "_id" for model "Ride"
2025-03-10T11:02:26.932Z [ERROR]: Cast to ObjectId failed for value "pending" (type string) at path "_id" for model "Ride"
2025-03-10T11:02:29.588Z [ERROR]: Cast to ObjectId failed for value "pending" (type string) at path "_id" for model "Ride"
2025-03-10T11:02:32.666Z [ERROR]: Cast to ObjectId failed for value "pending" (type string) at path "_id" for model "Ride"
2025-03-10T11:02:35.123Z [ERROR]: Cast to ObjectId failed for value "pending" (type string) at path "_id" for model "Ride"
2025-03-10T11:02:38.318Z [ERROR]: Cast to ObjectId failed for value "pending" (type string) at path "_id" for model "Ride"
2025-03-10T11:02:41.262Z [ERROR]: Cast to ObjectId failed for value "pending" (type string) at path "_id" for model "Ride"
2025-03-10T11:02:44.348Z [ERROR]: Cast to ObjectId failed for value "pending" (type string) at path "_id" for model "Ride"
2025-03-10T11:02:47.321Z [ERROR]: Cast to ObjectId failed for value "pending" (type string) at path "_id" for model "Ride"
2025-03-10T11:02:50.279Z [ERROR]: Cast to ObjectId failed for value "pending" (type string) at path "_id" for model "Ride"
2025-03-10T11:02:59.408Z [ERROR]: Cast to ObjectId failed for value "pending" (type string) at path "_id" for model "Ride"
2025-03-10T11:03:02.673Z [ERROR]: Cast to ObjectId failed for value "pending" (type string) at path "_id" for model "Ride"
2025-03-10T11:03:05.433Z [ERROR]: Cast to ObjectId failed for value "pending" (type string) at path "_id" for model "Ride"
2025-03-10T11:03:08.503Z [ERROR]: Cast to ObjectId failed for value "pending" (type string) at path "_id" for model "Ride"
2025-03-10T11:03:11.369Z [ERROR]: Cast to ObjectId failed for value "pending" (type string) at path "_id" for model "Ride"
2025-03-10T11:03:14.243Z [ERROR]: Cast to ObjectId failed for value "pending" (type string) at path "_id" for model "Ride"
2025-03-10T11:03:17.326Z [ERROR]: Cast to ObjectId failed for value "pending" (type string) at path "_id" for model "Ride"
2025-03-10T11:03:20.180Z [ERROR]: Cast to ObjectId failed for value "pending" (type string) at path "_id" for model "Ride"
2025-03-10T11:03:23.254Z [ERROR]: Cast to ObjectId failed for value "pending" (type string) at path "_id" for model "Ride"
2025-03-10T11:03:26.325Z [ERROR]: Cast to ObjectId failed for value "pending" (type string) at path "_id" for model "Ride"
2025-03-10T11:03:29.192Z [ERROR]: Cast to ObjectId failed for value "pending" (type string) at path "_id" for model "Ride"
2025-03-10T11:03:32.353Z [ERROR]: Cast to ObjectId failed for value "pending" (type string) at path "_id" for model "Ride"
2025-03-10T11:03:35.342Z [ERROR]: Cast to ObjectId failed for value "pending" (type string) at path "_id" for model "Ride"
2025-03-10T11:03:38.615Z [ERROR]: Cast to ObjectId failed for value "pending" (type string) at path "_id" for model "Ride"
2025-03-10T11:03:41.270Z [ERROR]: Cast to ObjectId failed for value "pending" (type string) at path "_id" for model "Ride"
2025-03-10T11:03:44.688Z [ERROR]: Cast to ObjectId failed for value "pending" (type string) at path "_id" for model "Ride"
2025-03-10T11:03:47.215Z [ERROR]: Cast to ObjectId failed for value "pending" (type string) at path "_id" for model "Ride"
2025-03-10T11:03:50.280Z [ERROR]: Cast to ObjectId failed for value "pending" (type string) at path "_id" for model "Ride"
2025-03-10T11:03:53.691Z [ERROR]: Cast to ObjectId failed for value "pending" (type string) at path "_id" for model "Ride"
2025-03-10T11:03:56.226Z [ERROR]: Cast to ObjectId failed for value "pending" (type string) at path "_id" for model "Ride"
2025-03-10T11:03:59.502Z [ERROR]: Cast to ObjectId failed for value "pending" (type string) at path "_id" for model "Ride"
2025-03-10T11:04:02.374Z [ERROR]: Cast to ObjectId failed for value "pending" (type string) at path "_id" for model "Ride"
2025-03-10T11:04:05.134Z [ERROR]: Cast to ObjectId failed for value "pending" (type string) at path "_id" for model "Ride"
2025-03-10T11:04:08.923Z [ERROR]: Cast to ObjectId failed for value "pending" (type string) at path "_id" for model "Ride"
2025-03-10T11:04:56.242Z [ERROR]: Cast to ObjectId failed for value "pending" (type string) at path "_id" for model "Ride"
2025-03-10T11:04:59.306Z [ERROR]: Cast to ObjectId failed for value "pending" (type string) at path "_id" for model "Ride"
2025-03-10T11:05:02.170Z [ERROR]: Cast to ObjectId failed for value "pending" (type string) at path "_id" for model "Ride"
2025-03-10T11:05:05.628Z [ERROR]: Cast to ObjectId failed for value "pending" (type string) at path "_id" for model "Ride"
2025-03-10T11:05:08.522Z [ERROR]: Cast to ObjectId failed for value "pending" (type string) at path "_id" for model "Ride"
2025-03-10T11:05:11.184Z [ERROR]: Cast to ObjectId failed for value "pending" (type string) at path "_id" for model "Ride"
2025-03-10T11:05:14.457Z [ERROR]: Cast to ObjectId failed for value "pending" (type string) at path "_id" for model "Ride"
2025-03-10T11:05:17.036Z [ERROR]: Cast to ObjectId failed for value "pending" (type string) at path "_id" for model "Ride"
2025-03-10T11:05:20.073Z [ERROR]: Cast to ObjectId failed for value "pending" (type string) at path "_id" for model "Ride"
2025-03-10T11:05:23.610Z [ERROR]: Cast to ObjectId failed for value "pending" (type string) at path "_id" for model "Ride"
2025-03-10T11:05:26.537Z [ERROR]: Cast to ObjectId failed for value "pending" (type string) at path "_id" for model "Ride"
2025-03-10T11:05:29.510Z [ERROR]: Cast to ObjectId failed for value "pending" (type string) at path "_id" for model "Ride"
2025-03-10T11:05:32.172Z [ERROR]: Cast to ObjectId failed for value "pending" (type string) at path "_id" for model "Ride"
2025-03-10T11:05:35.955Z [ERROR]: Cast to ObjectId failed for value "pending" (type string) at path "_id" for model "Ride"
2025-03-10T11:05:38.412Z [ERROR]: Cast to ObjectId failed for value "pending" (type string) at path "_id" for model "Ride"
2025-03-10T11:05:41.481Z [ERROR]: Cast to ObjectId failed for value "pending" (type string) at path "_id" for model "Ride"
2025-03-10T11:05:44.155Z [ERROR]: Cast to ObjectId failed for value "pending" (type string) at path "_id" for model "Ride"
2025-03-10T11:05:47.840Z [ERROR]: Cast to ObjectId failed for value "pending" (type string) at path "_id" for model "Ride"
2025-03-10T11:05:50.490Z [ERROR]: Cast to ObjectId failed for value "pending" (type string) at path "_id" for model "Ride"
2025-03-10T11:05:59.617Z [ERROR]: Cast to ObjectId failed for value "pending" (type string) at path "_id" for model "Ride"
2025-03-10T11:06:02.171Z [ERROR]: Cast to ObjectId failed for value "pending" (type string) at path "_id" for model "Ride"
2025-03-10T11:06:05.139Z [ERROR]: Cast to ObjectId failed for value "pending" (type string) at path "_id" for model "Ride"
2025-03-10T11:06:08.511Z [ERROR]: Cast to ObjectId failed for value "pending" (type string) at path "_id" for model "Ride"
2025-03-10T11:06:11.174Z [ERROR]: Cast to ObjectId failed for value "pending" (type string) at path "_id" for model "Ride"
2025-03-10T11:06:14.118Z [ERROR]: Cast to ObjectId failed for value "pending" (type string) at path "_id" for model "Ride"
2025-03-10T11:06:17.107Z [ERROR]: Cast to ObjectId failed for value "pending" (type string) at path "_id" for model "Ride"
2025-03-10T11:06:21.735Z [ERROR]: Cast to ObjectId failed for value "pending" (type string) at path "_id" for model "Ride"
2025-03-10T11:06:23.261Z [ERROR]: Cast to ObjectId failed for value "pending" (type string) at path "_id" for model "Ride"
2025-03-10T11:06:45.463Z [ERROR]: Invalid Credentials
2025-03-10T11:06:57.698Z [ERROR]: Invalid Credentials
2025-03-10T11:07:11.518Z [ERROR]: Invalid Credentials
2025-03-10T11:07:18.961Z [ERROR]: Cast to ObjectId failed for value "pending" (type string) at path "_id" for model "Ride"
2025-03-10T11:07:22.031Z [ERROR]: Cast to ObjectId failed for value "pending" (type string) at path "_id" for model "Ride"
2025-03-10T11:07:24.897Z [ERROR]: Cast to ObjectId failed for value "pending" (type string) at path "_id" for model "Ride"
2025-03-10T11:07:28.174Z [ERROR]: Cast to ObjectId failed for value "pending" (type string) at path "_id" for model "Ride"
2025-03-10T11:07:31.248Z [ERROR]: Cast to ObjectId failed for value "pending" (type string) at path "_id" for model "Ride"
2025-03-10T11:07:34.112Z [ERROR]: Cast to ObjectId failed for value "pending" (type string) at path "_id" for model "Ride"
2025-03-10T11:07:36.981Z [ERROR]: Cast to ObjectId failed for value "pending" (type string) at path "_id" for model "Ride"
2025-03-10T11:07:40.052Z [ERROR]: Cast to ObjectId failed for value "pending" (type string) at path "_id" for model "Ride"
2025-03-10T11:07:42.917Z [ERROR]: Cast to ObjectId failed for value "pending" (type string) at path "_id" for model "Ride"
2025-03-10T11:07:45.991Z [ERROR]: Cast to ObjectId failed for value "pending" (type string) at path "_id" for model "Ride"
2025-03-10T11:07:48.858Z [ERROR]: Cast to ObjectId failed for value "pending" (type string) at path "_id" for model "Ride"
2025-03-10T11:07:51.836Z [ERROR]: Cast to ObjectId failed for value "pending" (type string) at path "_id" for model "Ride"
2025-03-10T11:07:55.205Z [ERROR]: Cast to ObjectId failed for value "pending" (type string) at path "_id" for model "Ride"
2025-03-10T11:07:57.971Z [ERROR]: Cast to ObjectId failed for value "pending" (type string) at path "_id" for model "Ride"
2025-03-10T11:08:01.043Z [ERROR]: Cast to ObjectId failed for value "pending" (type string) at path "_id" for model "Ride"
2025-03-10T11:08:03.807Z [ERROR]: Cast to ObjectId failed for value "pending" (type string) at path "_id" for model "Ride"
2025-03-10T11:08:07.084Z [ERROR]: Cast to ObjectId failed for value "pending" (type string) at path "_id" for model "Ride"
2025-03-10T11:08:09.952Z [ERROR]: Cast to ObjectId failed for value "pending" (type string) at path "_id" for model "Ride"
2025-03-10T11:08:12.908Z [ERROR]: Cast to ObjectId failed for value "pending" (type string) at path "_id" for model "Ride"
2025-03-10T11:08:15.788Z [ERROR]: Cast to ObjectId failed for value "pending" (type string) at path "_id" for model "Ride"
2025-03-10T11:11:13.208Z [ERROR]: Cast to ObjectId failed for value "pending" (type string) at path "_id" for model "Ride"
2025-03-10T11:11:15.877Z [ERROR]: Cast to ObjectId failed for value "pending" (type string) at path "_id" for model "Ride"
2025-03-10T11:11:18.808Z [ERROR]: Cast to ObjectId failed for value "pending" (type string) at path "_id" for model "Ride"
2025-03-10T11:11:22.019Z [ERROR]: Cast to ObjectId failed for value "pending" (type string) at path "_id" for model "Ride"
2025-03-10T11:11:25.292Z [ERROR]: Cast to ObjectId failed for value "pending" (type string) at path "_id" for model "Ride"
2025-03-10T11:11:27.958Z [ERROR]: Cast to ObjectId failed for value "pending" (type string) at path "_id" for model "Ride"
2025-03-10T11:11:30.728Z [ERROR]: Cast to ObjectId failed for value "pending" (type string) at path "_id" for model "Ride"
2025-03-10T11:11:33.793Z [ERROR]: Cast to ObjectId failed for value "pending" (type string) at path "_id" for model "Ride"
2025-03-10T11:11:36.968Z [ERROR]: Cast to ObjectId failed for value "pending" (type string) at path "_id" for model "Ride"
2025-03-10T11:11:39.833Z [ERROR]: Cast to ObjectId failed for value "pending" (type string) at path "_id" for model "Ride"
2025-03-10T11:11:42.905Z [ERROR]: Cast to ObjectId failed for value "pending" (type string) at path "_id" for model "Ride"
2025-03-10T11:11:45.771Z [ERROR]: Cast to ObjectId failed for value "pending" (type string) at path "_id" for model "Ride"
2025-03-10T11:11:49.255Z [ERROR]: Cast to ObjectId failed for value "pending" (type string) at path "_id" for model "Ride"
2025-03-10T11:11:52.113Z [ERROR]: Cast to ObjectId failed for value "pending" (type string) at path "_id" for model "Ride"
2025-03-10T11:11:54.985Z [ERROR]: Cast to ObjectId failed for value "pending" (type string) at path "_id" for model "Ride"
2025-03-10T11:11:57.854Z [ERROR]: Cast to ObjectId failed for value "pending" (type string) at path "_id" for model "Ride"
2025-03-10T11:12:01.124Z [ERROR]: Cast to ObjectId failed for value "pending" (type string) at path "_id" for model "Ride"
2025-03-10T11:12:04.201Z [ERROR]: Cast to ObjectId failed for value "pending" (type string) at path "_id" for model "Ride"
2025-03-10T11:12:06.857Z [ERROR]: Cast to ObjectId failed for value "pending" (type string) at path "_id" for model "Ride"
2025-03-10T11:12:09.831Z [ERROR]: Cast to ObjectId failed for value "pending" (type string) at path "_id" for model "Ride"
2025-03-10T11:12:12.905Z [ERROR]: Cast to ObjectId failed for value "pending" (type string) at path "_id" for model "Ride"
2025-03-10T11:12:15.875Z [ERROR]: Cast to ObjectId failed for value "pending" (type string) at path "_id" for model "Ride"
2025-03-10T11:12:19.558Z [ERROR]: Cast to ObjectId failed for value "pending" (type string) at path "_id" for model "Ride"
2025-03-10T11:12:21.811Z [ERROR]: Cast to ObjectId failed for value "pending" (type string) at path "_id" for model "Ride"
2025-03-10T11:12:24.882Z [ERROR]: Cast to ObjectId failed for value "pending" (type string) at path "_id" for model "Ride"
2025-03-10T11:26:42.857Z [ERROR]: Ride validation failed: paymentStatus: `cancelled` is not a valid enum value for path `paymentStatus`.
2025-03-10T11:26:48.787Z [ERROR]: Ride validation failed: paymentStatus: `cancelled` is not a valid enum value for path `paymentStatus`.
2025-03-10T11:26:58.928Z [ERROR]: Ride validation failed: paymentStatus: `cancelled` is not a valid enum value for path `paymentStatus`.
2025-03-10T12:18:54.917Z [ERROR]: msg is not defined
2025-03-10T12:18:57.375Z [ERROR]: msg is not defined
2025-03-10T12:24:54.523Z [ERROR]: Ride validation failed: paymentStatus: `peding` is not a valid enum value for path `paymentStatus`.
